# JRE version: OpenJDK Runtime Environment (17.0.9) (build 17.0.9+0--11185874)
# Java VM: OpenJDK 64-Bit Server VM (17.0.9+0--11185874, mixed mode, tiered, compressed oops, compressed class ptrs, g1 gc, windows-amd64)
GC Precious Log:
 CPUs: 4 total, 4 available
 Memory: 3959M
 Large Page Support: Disabled
 NUMA Support: Disabled
 Compressed Oops: Enabled (32-bit)
 Heap Region Size: 1M
 Heap Min Capacity: 8M
 Heap Initial Capacity: 62M
 Heap Max Capacity: 2G
 Pre-touch: Disabled
 Parallel Workers: 4
 Concurrent Workers: 1
 Concurrent Refinement Workers: 4
 Periodic GC: Disabled
Heap:
 garbage-first heap   total 373760K, used 223527K [0x0000000080000000, 0x0000000100000000)
  region size 1024K, 13 young (13312K), 9 survivors (9216K)
 Metaspace       used 192980K, committed 193920K, reserved 1245184K
  class space    used 23822K, committed 24256K, reserved 1048576K
GC Heap History (20 events):
Event: 501.246 GC heap before
{Heap before GC invocations=216 (full 0):
 garbage-first heap   total 373760K, used 319733K [0x0000000080000000, 0x0000000100000000)
  region size 1024K, 132 young (135168K), 3 survivors (3072K)
 Metaspace       used 176624K, committed 177536K, reserved 1245184K
  class space    used 21838K, committed 22272K, reserved 1048576K
}
Event: 501.253 GC heap after
{Heap after GC invocations=217 (full 0):
 garbage-first heap   total 373760K, used 181918K [0x0000000080000000, 0x0000000100000000)
  region size 1024K, 3 young (3072K), 3 survivors (3072K)
 Metaspace       used 176624K, committed 177536K, reserved 1245184K
  class space    used 21838K, committed 22272K, reserved 1048576K
}
Event: 512.851 GC heap before
{Heap before GC invocations=217 (full 0):
 garbage-first heap   total 373760K, used 321182K [0x0000000080000000, 0x0000000100000000)
  region size 1024K, 140 young (143360K), 3 survivors (3072K)
 Metaspace       used 176640K, committed 177536K, reserved 1245184K
  class space    used 21838K, committed 22272K, reserved 1048576K
}
Event: 512.887 GC heap after
{Heap after GC invocations=218 (full 0):
 garbage-first heap   total 373760K, used 190933K [0x0000000080000000, 0x0000000100000000)
  region size 1024K, 12 young (12288K), 12 survivors (12288K)
 Metaspace       used 176640K, committed 177536K, reserved 1245184K
  class space    used 21838K, committed 22272K, reserved 1048576K
}
Event: 524.613 GC heap before
{Heap before GC invocations=218 (full 0):
 garbage-first heap   total 373760K, used 317909K [0x0000000080000000, 0x0000000100000000)
  region size 1024K, 136 young (139264K), 12 survivors (12288K)
 Metaspace       used 176640K, committed 177536K, reserved 1245184K
  class space    used 21838K, committed 22272K, reserved 1048576K
}
Event: 524.660 GC heap after
{Heap after GC invocations=219 (full 0):
 garbage-first heap   total 373760K, used 200609K [0x0000000080000000, 0x0000000100000000)
  region size 1024K, 10 young (10240K), 10 survivors (10240K)
 Metaspace       used 176640K, committed 177536K, reserved 1245184K
  class space    used 21838K, committed 22272K, reserved 1048576K
}
Event: 532.652 GC heap before
{Heap before GC invocations=219 (full 0):
 garbage-first heap   total 373760K, used 342945K [0x0000000080000000, 0x0000000100000000)
  region size 1024K, 123 young (125952K), 10 survivors (10240K)
 Metaspace       used 182050K, committed 183040K, reserved 1245184K
  class space    used 22542K, committed 23040K, reserved 1048576K
}
Event: 532.696 GC heap after
{Heap after GC invocations=220 (full 0):
 garbage-first heap   total 373760K, used 211344K [0x0000000080000000, 0x0000000100000000)
  region size 1024K, 11 young (11264K), 11 survivors (11264K)
 Metaspace       used 182050K, committed 183040K, reserved 1245184K
  class space    used 22542K, committed 23040K, reserved 1048576K
}
Event: 538.266 GC heap before
{Heap before GC invocations=220 (full 0):
 garbage-first heap   total 373760K, used 314768K [0x0000000080000000, 0x0000000100000000)
  region size 1024K, 111 young (113664K), 11 survivors (11264K)
 Metaspace       used 188343K, committed 189248K, reserved 1245184K
  class space    used 23443K, committed 23872K, reserved 1048576K
}
Event: 538.336 GC heap after
{Heap after GC invocations=221 (full 0):
 garbage-first heap   total 373760K, used 217522K [0x0000000080000000, 0x0000000100000000)
  region size 1024K, 4 young (4096K), 4 survivors (4096K)
 Metaspace       used 188343K, committed 189248K, reserved 1245184K
  class space    used 23443K, committed 23872K, reserved 1048576K
}
Event: 539.408 GC heap before
{Heap before GC invocations=221 (full 0):
 garbage-first heap   total 373760K, used 316850K [0x0000000080000000, 0x0000000100000000)
  region size 1024K, 101 young (103424K), 4 survivors (4096K)
 Metaspace       used 188343K, committed 189248K, reserved 1245184K
  class space    used 23443K, committed 23872K, reserved 1048576K
}
Event: 539.421 GC heap after
{Heap after GC invocations=222 (full 0):
 garbage-first heap   total 373760K, used 218459K [0x0000000080000000, 0x0000000100000000)
  region size 1024K, 5 young (5120K), 5 survivors (5120K)
 Metaspace       used 188343K, committed 189248K, reserved 1245184K
  class space    used 23443K, committed 23872K, reserved 1048576K
}
Event: 542.488 GC heap before
{Heap before GC invocations=222 (full 0):
 garbage-first heap   total 373760K, used 321883K [0x0000000080000000, 0x0000000100000000)
  region size 1024K, 104 young (106496K), 5 survivors (5120K)
 Metaspace       used 188776K, committed 189760K, reserved 1245184K
  class space    used 23470K, committed 23936K, reserved 1048576K
}
Event: 542.511 GC heap after
{Heap after GC invocations=223 (full 0):
 garbage-first heap   total 373760K, used 219573K [0x0000000080000000, 0x0000000100000000)
  region size 1024K, 6 young (6144K), 6 survivors (6144K)
 Metaspace       used 188776K, committed 189760K, reserved 1245184K
  class space    used 23470K, committed 23936K, reserved 1048576K
}
Event: 545.946 GC heap before
{Heap before GC invocations=223 (full 0):
 garbage-first heap   total 373760K, used 319925K [0x0000000080000000, 0x0000000100000000)
  region size 1024K, 104 young (106496K), 6 survivors (6144K)
 Metaspace       used 188779K, committed 189760K, reserved 1245184K
  class space    used 23470K, committed 23936K, reserved 1048576K
}
Event: 545.955 GC heap after
{Heap after GC invocations=224 (full 0):
 garbage-first heap   total 373760K, used 220053K [0x0000000080000000, 0x0000000100000000)
  region size 1024K, 7 young (7168K), 7 survivors (7168K)
 Metaspace       used 188779K, committed 189760K, reserved 1245184K
  class space    used 23470K, committed 23936K, reserved 1048576K
}
Event: 550.601 GC heap before
{Heap before GC invocations=224 (full 0):
 garbage-first heap   total 373760K, used 326549K [0x0000000080000000, 0x0000000100000000)
  region size 1024K, 107 young (109568K), 7 survivors (7168K)
 Metaspace       used 191918K, committed 192832K, reserved 1245184K
  class space    used 23754K, committed 24192K, reserved 1048576K
}
Event: 550.614 GC heap after
{Heap after GC invocations=225 (full 0):
 garbage-first heap   total 373760K, used 215749K [0x0000000080000000, 0x0000000100000000)
  region size 1024K, 5 young (5120K), 5 survivors (5120K)
 Metaspace       used 191918K, committed 192832K, reserved 1245184K
  class space    used 23754K, committed 24192K, reserved 1048576K
}
Event: 562.452 GC heap before
{Heap before GC invocations=225 (full 0):
 garbage-first heap   total 373760K, used 322245K [0x0000000080000000, 0x0000000100000000)
  region size 1024K, 110 young (112640K), 5 survivors (5120K)
 Metaspace       used 192463K, committed 193344K, reserved 1245184K
  class space    used 23776K, committed 24192K, reserved 1048576K
}
Event: 562.469 GC heap after
{Heap after GC invocations=226 (full 0):
 garbage-first heap   total 373760K, used 218445K [0x0000000080000000, 0x0000000100000000)
  region size 1024K, 7 young (7168K), 7 survivors (7168K)
 Metaspace       used 192463K, committed 193344K, reserved 1245184K
  class space    used 23776K, committed 24192K, reserved 1048576K
}

